<?xml version="1.0" encoding="UTF-8"?>
<robot generator="Robot 5.0.1 (Python 3.9.13 on win32)" generated="20230524 01:52:19.876" rpa="true" schemaversion="3">
<suite id="s1" name="Tasks" source="c:\Users\victo\OneDrive\Documentos\python\meu-robot-dois\tasks.robot">
<test id="s1-t1" name="Complete the challenge" line="27">
<kw name="Open Available Browser" library="RPA.Browser.Selenium">
<arg>https://cnes.datasus.gov.br/pages/estabelecimentos/consulta.jsp</arg>
<arg>alias=BrowserPrincipal</arg>
<doc>Attempts to open a browser on the user's device from a set of
supported browsers. Automatically downloads a corresponding webdriver
if none is already installed.</doc>
<msg timestamp="20230524 01:52:21.535" level="INFO">Creating an instance of the Chrome WebDriver.</msg>
<msg timestamp="20230524 01:52:21.547" level="INFO">Applicable driver not found; attempting to install with Selenium Manager (Beta)</msg>
<msg timestamp="20230524 01:52:22.634" level="INFO">Created Chrome browser with arguments: --disable-dev-shm-usage --disable-web-security --allow-running-insecure-content --no-sandbox</msg>
<msg timestamp="20230524 01:52:22.635" level="INFO" html="true">&lt;p&gt;Attempted combinations:&lt;/p&gt;&lt;div class="doc"&gt;&lt;table&gt;&lt;tr&gt;&lt;th&gt;Browser&lt;/th&gt;&lt;th&gt;Download&lt;/th&gt;&lt;th&gt;Error&lt;/th&gt;&lt;/tr&gt;&lt;tr&gt;&lt;td&gt;Chrome&lt;/td&gt;&lt;td&gt;False&lt;/td&gt;&lt;td&gt;&lt;/td&gt;&lt;/tr&gt;&lt;/table&gt;&lt;/div&gt;</msg>
<msg timestamp="20230524 01:52:22.635" level="INFO">Opening url 'https://cnes.datasus.gov.br/pages/estabelecimentos/consulta.jsp'</msg>
<status status="PASS" starttime="20230524 01:52:21.531" endtime="20230524 01:52:23.614"/>
</kw>
<kw name="Maximize Browser Window" library="RPA.Browser.Selenium">
<doc>Maximizes current browser window.</doc>
<status status="PASS" starttime="20230524 01:52:23.616" endtime="20230524 01:52:23.728"/>
</kw>
<kw name="Main loop">
<kw name="Abertura de Arquivo CSV">
<var>${tabela}</var>
<arg>${global_caminho_origem_csv_entrada}</arg>
<kw name="Read table from CSV" library="RPA.Tables">
<var>${tabela}</var>
<arg>${caminho_do_arquivo}</arg>
<arg>encoding=utf-8</arg>
<doc>Read a CSV file as a table.</doc>
<msg timestamp="20230524 01:52:23.742" level="INFO">${tabela} = Table(columns=['UF', 'MUNICIPIO'], rows=5)</msg>
<status status="PASS" starttime="20230524 01:52:23.734" endtime="20230524 01:52:23.743"/>
</kw>
<return>
<value>${tabela}</value>
<status status="PASS" starttime="20230524 01:52:23.743" endtime="20230524 01:52:23.744"/>
</return>
<msg timestamp="20230524 01:52:23.745" level="INFO">${tabela} = Table(columns=['UF', 'MUNICIPIO'], rows=5)</msg>
<status status="PASS" starttime="20230524 01:52:23.731" endtime="20230524 01:52:23.745"/>
</kw>
<kw name="Evaluate" library="BuiltIn">
<var>${num_linhas}</var>
<arg>len($tabela)</arg>
<doc>Evaluates the given expression in Python and returns the result.</doc>
<msg timestamp="20230524 01:52:23.762" level="INFO">${num_linhas} = 5</msg>
<status status="PASS" starttime="20230524 01:52:23.746" endtime="20230524 01:52:23.762"/>
</kw>
<for flavor="IN RANGE">
<var>${linha}</var>
<value>${num_linhas}</value>
<iter>
<var name="${linha}">0</var>
<kw name="Get Table Cell" library="RPA.Tables">
<var>${uf}</var>
<arg>${tabela}</arg>
<arg>${linha}</arg>
<arg>UF</arg>
<doc>Get a cell value from a table.</doc>
<msg timestamp="20230524 01:52:23.767" level="INFO">${uf} = BA</msg>
<status status="PASS" starttime="20230524 01:52:23.765" endtime="20230524 01:52:23.767"/>
</kw>
<kw name="Get Table Cell" library="RPA.Tables">
<var>${municipio}</var>
<arg>${tabela}</arg>
<arg>${linha}</arg>
<arg>MUNICIPIO</arg>
<doc>Get a cell value from a table.</doc>
<msg timestamp="20230524 01:52:23.769" level="INFO">${municipio} = Salvador</msg>
<status status="PASS" starttime="20230524 01:52:23.768" endtime="20230524 01:52:23.769"/>
</kw>
<kw name="Convert To Upper Case" library="String">
<var>${municipio_uppercase}</var>
<arg>${municipio}</arg>
<doc>Converts string to upper case.</doc>
<msg timestamp="20230524 01:52:23.772" level="INFO">${municipio_uppercase} = SALVADOR</msg>
<status status="PASS" starttime="20230524 01:52:23.770" endtime="20230524 01:52:23.773"/>
</kw>
<kw name="Run Keyword And Return Status" library="BuiltIn">
<var>${elemento_encontrado}</var>
<arg>Preenche Valores</arg>
<arg>${dicionario_estados["${uf}"]}</arg>
<arg>${municipio_uppercase}</arg>
<doc>Runs the given keyword with given arguments and returns the status as a Boolean value.</doc>
<kw name="Preenche Valores">
<arg>${dicionario_estados["${uf}"]}</arg>
<arg>${municipio_uppercase}</arg>
<kw name="Wait Until Element Is Visible" library="RPA.Browser.Selenium">
<arg>xpath=//select[@ng-model="Estado"]//option[text()='${uf}']</arg>
<doc>Waits until the element ``locator`` is visible.</doc>
<status status="PASS" starttime="20230524 01:52:23.780" endtime="20230524 01:52:23.851"/>
</kw>
<kw name="Click Element" library="RPA.Browser.Selenium">
<arg>xpath=//select[@ng-model="Estado"]//option[text()='${uf}']</arg>
<doc>Click the element identified by ``locator``.</doc>
<msg timestamp="20230524 01:52:23.854" level="INFO">Clicking element 'xpath=//select[@ng-model="Estado"]//option[text()='BAHIA']'.</msg>
<status status="PASS" starttime="20230524 01:52:23.852" endtime="20230524 01:52:23.889"/>
</kw>
<kw name="Wait Until Element Is Visible" library="RPA.Browser.Selenium">
<arg>xpath=//select[@ng-model="Municipio"]//option[text()='${municipio}']</arg>
<doc>Waits until the element ``locator`` is visible.</doc>
<status status="PASS" starttime="20230524 01:52:23.890" endtime="20230524 01:52:24.126"/>
</kw>
<kw name="Click Element" library="RPA.Browser.Selenium">
<arg>xpath=//select[@ng-model="Municipio"]//option[text()='${municipio}']</arg>
<doc>Click the element identified by ``locator``.</doc>
<msg timestamp="20230524 01:52:24.128" level="INFO">Clicking element 'xpath=//select[@ng-model="Municipio"]//option[text()='SALVADOR']'.</msg>
<status status="PASS" starttime="20230524 01:52:24.127" endtime="20230524 01:52:24.149"/>
</kw>
<kw name="Click Button" library="RPA.Browser.Selenium">
<arg>Pesquisar</arg>
<doc>Clicks the button identified by ``locator``.</doc>
<msg timestamp="20230524 01:52:24.151" level="INFO">Clicking button 'Pesquisar'.</msg>
<status status="PASS" starttime="20230524 01:52:24.150" endtime="20230524 01:52:24.204"/>
</kw>
<status status="PASS" starttime="20230524 01:52:23.776" endtime="20230524 01:52:24.205"/>
</kw>
<msg timestamp="20230524 01:52:24.206" level="INFO">${elemento_encontrado} = True</msg>
<status status="PASS" starttime="20230524 01:52:23.775" endtime="20230524 01:52:24.206"/>
</kw>
<kw name="Run Keyword If" library="BuiltIn">
<arg>${elemento_encontrado}</arg>
<arg>Run Keyword And Return Status</arg>
<arg>Trabalha Tabela</arg>
<doc>Runs the given keyword with the given arguments, if ``condition`` is true.</doc>
<kw name="Run Keyword And Return Status" library="BuiltIn">
<arg>Trabalha Tabela</arg>
<doc>Runs the given keyword with given arguments and returns the status as a Boolean value.</doc>
<kw name="Trabalha Tabela">
<kw name="Wait Until Page Contains Element" library="RPA.Browser.Selenium">
<arg>xpath://table[@ng-table="tableParams"]</arg>
<doc>Waits until the element ``locator`` appears on the current page.</doc>
<status status="PASS" starttime="20230524 01:52:24.213" endtime="20230524 01:52:24.224"/>
</kw>
<kw name="Sleep" library="BuiltIn">
<arg>2</arg>
<doc>Pauses the test executed for the given time.</doc>
<msg timestamp="20230524 01:52:26.238" level="INFO">Slept 2 seconds</msg>
<status status="PASS" starttime="20230524 01:52:24.225" endtime="20230524 01:52:26.238"/>
</kw>
<kw name="Wait Until Page Contains Element" library="RPA.Browser.Selenium">
<arg>xpath://table[@ng-table="tableParams"]//tbody</arg>
<doc>Waits until the element ``locator`` appears on the current page.</doc>
<status status="PASS" starttime="20230524 01:52:26.239" endtime="20230524 01:52:26.249"/>
</kw>
<kw name="Get Text" library="RPA.Browser.Selenium">
<var>${data_corpo}</var>
<arg>xpath://table[@ng-table="tableParams"]//tbody</arg>
<doc>Returns the text value of the element identified by ``locator``.</doc>
<msg timestamp="20230524 01:52:26.285" level="INFO">${data_corpo} = BA SALVADOR 7064284 20 20 SERVICOS MEDICOS BA ENTIDADES EMPRESARIAIS E SIM
BA SALVADOR 9077715 3D DENT ENTIDADES EMPRESARIAIS M NÃO
BA SALVADOR 1084186 4BODY BARRA ENTIDADES EMPRESARIAIS M NÃO
BA SALV...</msg>
<status status="PASS" starttime="20230524 01:52:26.250" endtime="20230524 01:52:26.285"/>
</kw>
<kw name="Wait Until Page Contains Element" library="RPA.Browser.Selenium">
<arg>xpath://table[@ng-table="tableParams"]//thead</arg>
<doc>Waits until the element ``locator`` appears on the current page.</doc>
<status status="PASS" starttime="20230524 01:52:26.286" endtime="20230524 01:52:26.294"/>
</kw>
<kw name="Get Text" library="RPA.Browser.Selenium">
<var>${data_cabecalho}</var>
<arg>xpath://table[@ng-table="tableParams"]//thead</arg>
<doc>Returns the text value of the element identified by ``locator``.</doc>
<msg timestamp="20230524 01:52:26.313" level="INFO">${data_cabecalho} = UF
Município
CNES
Nome Fantasia
Natureza Jurídica(Grupo)
Gestão
Atende SUS
DETALHES</msg>
<status status="PASS" starttime="20230524 01:52:26.295" endtime="20230524 01:52:26.313"/>
</kw>
<kw name="Get Regexp Matches" library="String">
<var>${lista_cnes}</var>
<arg>${data_corpo}</arg>
<arg>\\d{4,}</arg>
<doc>Returns a list of all non-overlapping matches in the given string.</doc>
<msg timestamp="20230524 01:52:26.316" level="INFO">${lista_cnes} = ['7064284', '9077715', '1084186', '1084194', '0667080', '0764183', '0745022', '0615587', '0733555', '0600709']</msg>
<status status="PASS" starttime="20230524 01:52:26.314" endtime="20230524 01:52:26.316"/>
</kw>
<kw name="Get Length" library="BuiltIn">
<var>${quantidade}</var>
<arg>${lista_cnes}</arg>
<doc>Returns and logs the length of the given item as an integer.</doc>
<msg timestamp="20230524 01:52:26.318" level="INFO">Length is 10</msg>
<msg timestamp="20230524 01:52:26.318" level="INFO">${quantidade} = 10</msg>
<status status="PASS" starttime="20230524 01:52:26.317" endtime="20230524 01:52:26.319"/>
</kw>
<kw name="Convert To Integer" library="BuiltIn">
<var>${iterador}</var>
<arg>1</arg>
<doc>Converts the given item to an integer number.</doc>
<msg timestamp="20230524 01:52:26.321" level="INFO">${iterador} = 1</msg>
<status status="PASS" starttime="20230524 01:52:26.319" endtime="20230524 01:52:26.321"/>
</kw>
<kw name="Get WebElements" library="RPA.Browser.Selenium">
<var>@{elementos}</var>
<arg>xpath=//a[@title="Ficha estabelecimento"]</arg>
<doc>Returns a list of WebElement objects matching the ``locator``.</doc>
<msg timestamp="20230524 01:52:26.333" level="INFO">@{elementos} = [ &lt;selenium.webdriver.remote.webelement.WebElement (session="3ca6e32c09a71c7194bbdacbbd8d76a7", element="727AEFBF7EA9FFDE25F19712F17D3DB2_element_50")&gt; | &lt;selenium.webdriver.remote.webelement.WebEleme...</msg>
<status status="PASS" starttime="20230524 01:52:26.322" endtime="20230524 01:52:26.334"/>
</kw>
<for flavor="IN">
<var>${elemento}</var>
<value>@{elementos}</value>
<iter>
<var name="${elemento}">&lt;selenium.webdriver.remote.webelement.WebElement (session="3ca6e32c09a71c7194bbdacbbd8d76a7", element="727AEFBF7EA9FFDE25F19712F17D3DB2_element_50")&gt;</var>
<kw name="Remove Files" library="OperatingSystem">
<arg>${global_caminho_download_padrao}/fichaCompletaEstabelecimento*.pdf</arg>
<doc>Uses `Remove File` to remove multiple files one-by-one.</doc>
<msg timestamp="20230524 01:52:26.341" level="INFO" html="true">File '&lt;a href="file://C:\Users\victo\Downloads\fichaCompletaEstabelecimento*.pdf"&gt;C:\Users\victo\Downloads\fichaCompletaEstabelecimento*.pdf&lt;/a&gt;' does not exist.</msg>
<status status="PASS" starttime="20230524 01:52:26.336" endtime="20230524 01:52:26.342"/>
</kw>
<kw name="Get Element Attribute" library="RPA.Browser.Selenium">
<var>${href}</var>
<arg>${elemento}</arg>
<arg>href</arg>
<doc>Returns the value of ``attribute`` from the element ``locator``.</doc>
<msg timestamp="20230524 01:52:26.342" level="WARN">Keyword 'Get Element Attribute' found both from a custom library 'RPA.Browser.Selenium' and a standard library 'XML'. The custom keyword is used. To select explicitly, and to get rid of this warning, use either 'RPA.Browser.Selenium.Get Element Attribute' or 'XML.Get Element Attribute'.</msg>
<msg timestamp="20230524 01:52:26.356" level="INFO">${href} = https://cnes.datasus.gov.br/pages/estabelecimentos/ficha/index.jsp?coUnidade=2927407064284</msg>
<status status="PASS" starttime="20230524 01:52:26.342" endtime="20230524 01:52:26.356"/>
</kw>
<kw name="Open Available Browser" library="RPA.Browser.Selenium">
<var>${browser_name}</var>
<arg>${href}</arg>
<doc>Attempts to open a browser on the user's device from a set of
supported browsers. Automatically downloads a corresponding webdriver
if none is already installed.</doc>
<msg timestamp="20230524 01:52:26.360" level="INFO">Creating an instance of the Chrome WebDriver.</msg>
<msg timestamp="20230524 01:52:26.369" level="INFO">Applicable driver not found; attempting to install with Selenium Manager (Beta)</msg>
<msg timestamp="20230524 01:52:27.527" level="INFO">Created Chrome browser with arguments: --disable-dev-shm-usage --disable-web-security --allow-running-insecure-content --no-sandbox</msg>
<msg timestamp="20230524 01:52:27.528" level="INFO" html="true">&lt;p&gt;Attempted combinations:&lt;/p&gt;&lt;div class="doc"&gt;&lt;table&gt;&lt;tr&gt;&lt;th&gt;Browser&lt;/th&gt;&lt;th&gt;Download&lt;/th&gt;&lt;th&gt;Error&lt;/th&gt;&lt;/tr&gt;&lt;tr&gt;&lt;td&gt;Chrome&lt;/td&gt;&lt;td&gt;False&lt;/td&gt;&lt;td&gt;&lt;/td&gt;&lt;/tr&gt;&lt;/table&gt;&lt;/div&gt;</msg>
<msg timestamp="20230524 01:52:27.528" level="INFO">Opening url 'https://cnes.datasus.gov.br/pages/estabelecimentos/ficha/index.jsp?coUnidade=2927407064284'</msg>
<msg timestamp="20230524 01:52:28.736" level="INFO">${browser_name} = 2</msg>
<status status="PASS" starttime="20230524 01:52:26.357" endtime="20230524 01:52:28.737"/>
</kw>
<kw name="Maximize Browser Window" library="RPA.Browser.Selenium">
<doc>Maximizes current browser window.</doc>
<status status="PASS" starttime="20230524 01:52:28.738" endtime="20230524 01:52:28.851"/>
</kw>
<kw name="Sleep" library="BuiltIn">
<arg>1</arg>
<doc>Pauses the test executed for the given time.</doc>
<msg timestamp="20230524 01:52:29.859" level="INFO">Slept 1 second</msg>
<status status="PASS" starttime="20230524 01:52:28.852" endtime="20230524 01:52:29.859"/>
</kw>
<kw name="Wait Until Page Contains Element" library="RPA.Browser.Selenium">
<arg>xpath://a[@title="Imprimir ficha completa"]//span[@class="glyphicon glyphicon-print"]</arg>
<doc>Waits until the element ``locator`` appears on the current page.</doc>
<status status="PASS" starttime="20230524 01:52:29.860" endtime="20230524 01:52:29.871"/>
</kw>
<kw name="Click Element" library="RPA.Browser.Selenium">
<arg>xpath://a[@title="Imprimir ficha completa"]//span[@class="glyphicon glyphicon-print"]</arg>
<doc>Click the element identified by ``locator``.</doc>
<msg timestamp="20230524 01:52:29.873" level="INFO">Clicking element 'xpath://a[@title="Imprimir ficha completa"]//span[@class="glyphicon glyphicon-print"]'.</msg>
<status status="PASS" starttime="20230524 01:52:29.872" endtime="20230524 01:52:29.915"/>
</kw>
<kw name="Sleep" library="BuiltIn">
<arg>1</arg>
<doc>Pauses the test executed for the given time.</doc>
<msg timestamp="20230524 01:52:30.924" level="INFO">Slept 1 second</msg>
<status status="PASS" starttime="20230524 01:52:29.916" endtime="20230524 01:52:30.924"/>
</kw>
<kw name="Wait Until Page Contains Element" library="RPA.Browser.Selenium">
<arg>xpath://input[@ng-change="marcarTodos()" and @id="todos"]</arg>
<doc>Waits until the element ``locator`` appears on the current page.</doc>
<status status="PASS" starttime="20230524 01:52:30.925" endtime="20230524 01:52:30.935"/>
</kw>
<kw name="Click Element" library="RPA.Browser.Selenium">
<arg>xpath://input[@ng-change="marcarTodos()" and @id="todos"]</arg>
<doc>Click the element identified by ``locator``.</doc>
<msg timestamp="20230524 01:52:30.937" level="INFO">Clicking element 'xpath://input[@ng-change="marcarTodos()" and @id="todos"]'.</msg>
<status status="PASS" starttime="20230524 01:52:30.936" endtime="20230524 01:52:31.017"/>
</kw>
<kw name="Click Button" library="RPA.Browser.Selenium">
<arg>Imprimir</arg>
<doc>Clicks the button identified by ``locator``.</doc>
<msg timestamp="20230524 01:52:31.020" level="INFO">Clicking button 'Imprimir'.</msg>
<status status="PASS" starttime="20230524 01:52:31.018" endtime="20230524 01:52:31.066"/>
</kw>
<kw name="Sleep" library="BuiltIn">
<arg>5</arg>
<doc>Pauses the test executed for the given time.</doc>
<msg timestamp="20230524 01:52:36.072" level="INFO">Slept 5 seconds</msg>
<status status="PASS" starttime="20230524 01:52:31.067" endtime="20230524 01:52:36.072"/>
</kw>
<kw name="Close Browser" library="RPA.Browser.Selenium">
<doc>Closes the current browser.</doc>
<status status="PASS" starttime="20230524 01:52:36.073" endtime="20230524 01:52:38.203"/>
</kw>
<kw name="Move File" library="OperatingSystem">
<arg>${global_caminho_download_padrao}/fichaCompletaEstabelecimento.pdf</arg>
<arg>${global_caminho_download_destino}/${lista_cnes}[${iterador}]</arg>
<doc>Moves the source file into the destination.</doc>
<msg timestamp="20230524 01:52:38.216" level="INFO" html="true">Moved file from '&lt;a href="file://C:\Users\victo\Downloads\fichaCompletaEstabelecimento.pdf"&gt;C:\Users\victo\Downloads\fichaCompletaEstabelecimento.pdf&lt;/a&gt;' to '&lt;a href="file://C:\Users\victo\Downloads\ArquivosPrime\9077715"&gt;C:\Users\victo\Downloads\ArquivosPrime\9077715&lt;/a&gt;'.</msg>
<status status="PASS" starttime="20230524 01:52:38.204" endtime="20230524 01:52:38.217"/>
</kw>
<kw name="Switch Browser" library="RPA.Browser.Selenium">
<arg>BrowserPrincipal</arg>
<doc>Switches between active browsers using ``index_or_alias``.</doc>
<status status="PASS" starttime="20230524 01:52:38.218" endtime="20230524 01:52:38.219"/>
</kw>
<kw name="Evaluate" library="BuiltIn">
<var>${iterador}</var>
<arg>${iterador} + 1</arg>
<doc>Evaluates the given expression in Python and returns the result.</doc>
<msg timestamp="20230524 01:52:38.221" level="INFO">${iterador} = 2</msg>
<status status="PASS" starttime="20230524 01:52:38.220" endtime="20230524 01:52:38.221"/>
</kw>
<kw name="Exit For Loop If" library="BuiltIn">
<arg>${iterador} &gt; ${global_quantidade_pdfs_downloads_por_pesquisa}</arg>
<doc>Stops executing the enclosing FOR loop if the ``condition`` is true.</doc>
<msg timestamp="20230524 01:52:38.223" level="INFO">Exiting for loop altogether.</msg>
<status status="PASS" starttime="20230524 01:52:38.222" endtime="20230524 01:52:38.225"/>
</kw>
<status status="PASS" starttime="20230524 01:52:26.335" endtime="20230524 01:52:38.225"/>
</iter>
<status status="PASS" starttime="20230524 01:52:26.334" endtime="20230524 01:52:38.226"/>
</for>
<status status="PASS" starttime="20230524 01:52:24.211" endtime="20230524 01:52:38.227"/>
</kw>
<status status="PASS" starttime="20230524 01:52:24.210" endtime="20230524 01:52:38.227"/>
</kw>
<status status="PASS" starttime="20230524 01:52:24.207" endtime="20230524 01:52:38.228"/>
</kw>
<status status="PASS" starttime="20230524 01:52:23.764" endtime="20230524 01:52:38.228"/>
</iter>
<iter>
<var name="${linha}">1</var>
<kw name="Get Table Cell" library="RPA.Tables">
<var>${uf}</var>
<arg>${tabela}</arg>
<arg>${linha}</arg>
<arg>UF</arg>
<doc>Get a cell value from a table.</doc>
<msg timestamp="20230524 01:52:38.231" level="INFO">${uf} = RJ</msg>
<status status="PASS" starttime="20230524 01:52:38.230" endtime="20230524 01:52:38.232"/>
</kw>
<kw name="Get Table Cell" library="RPA.Tables">
<var>${municipio}</var>
<arg>${tabela}</arg>
<arg>${linha}</arg>
<arg>MUNICIPIO</arg>
<doc>Get a cell value from a table.</doc>
<msg timestamp="20230524 01:52:38.234" level="INFO">${municipio} = Rio de Janeiro</msg>
<status status="PASS" starttime="20230524 01:52:38.232" endtime="20230524 01:52:38.234"/>
</kw>
<kw name="Convert To Upper Case" library="String">
<var>${municipio_uppercase}</var>
<arg>${municipio}</arg>
<doc>Converts string to upper case.</doc>
<msg timestamp="20230524 01:52:38.237" level="INFO">${municipio_uppercase} = RIO DE JANEIRO</msg>
<status status="PASS" starttime="20230524 01:52:38.235" endtime="20230524 01:52:38.237"/>
</kw>
<kw name="Run Keyword And Return Status" library="BuiltIn">
<var>${elemento_encontrado}</var>
<arg>Preenche Valores</arg>
<arg>${dicionario_estados["${uf}"]}</arg>
<arg>${municipio_uppercase}</arg>
<doc>Runs the given keyword with given arguments and returns the status as a Boolean value.</doc>
<kw name="Preenche Valores">
<arg>${dicionario_estados["${uf}"]}</arg>
<arg>${municipio_uppercase}</arg>
<kw name="Wait Until Element Is Visible" library="RPA.Browser.Selenium">
<arg>xpath=//select[@ng-model="Estado"]//option[text()='${uf}']</arg>
<doc>Waits until the element ``locator`` is visible.</doc>
<status status="PASS" starttime="20230524 01:52:38.243" endtime="20230524 01:52:38.264"/>
</kw>
<kw name="Click Element" library="RPA.Browser.Selenium">
<arg>xpath=//select[@ng-model="Estado"]//option[text()='${uf}']</arg>
<doc>Click the element identified by ``locator``.</doc>
<msg timestamp="20230524 01:52:38.266" level="INFO">Clicking element 'xpath=//select[@ng-model="Estado"]//option[text()='RIO DE JANEIRO']'.</msg>
<status status="PASS" starttime="20230524 01:52:38.264" endtime="20230524 01:52:38.294"/>
</kw>
<kw name="Wait Until Element Is Visible" library="RPA.Browser.Selenium">
<arg>xpath=//select[@ng-model="Municipio"]//option[text()='${municipio}']</arg>
<doc>Waits until the element ``locator`` is visible.</doc>
<status status="PASS" starttime="20230524 01:52:38.295" endtime="20230524 01:52:38.526"/>
</kw>
<kw name="Click Element" library="RPA.Browser.Selenium">
<arg>xpath=//select[@ng-model="Municipio"]//option[text()='${municipio}']</arg>
<doc>Click the element identified by ``locator``.</doc>
<msg timestamp="20230524 01:52:38.528" level="INFO">Clicking element 'xpath=//select[@ng-model="Municipio"]//option[text()='RIO DE JANEIRO']'.</msg>
<status status="PASS" starttime="20230524 01:52:38.526" endtime="20230524 01:52:38.547"/>
</kw>
<kw name="Click Button" library="RPA.Browser.Selenium">
<arg>Pesquisar</arg>
<doc>Clicks the button identified by ``locator``.</doc>
<msg timestamp="20230524 01:52:38.549" level="INFO">Clicking button 'Pesquisar'.</msg>
<status status="PASS" starttime="20230524 01:52:38.548" endtime="20230524 01:52:38.585"/>
</kw>
<status status="PASS" starttime="20230524 01:52:38.239" endtime="20230524 01:52:38.585"/>
</kw>
<msg timestamp="20230524 01:52:38.586" level="INFO">${elemento_encontrado} = True</msg>
<status status="PASS" starttime="20230524 01:52:38.238" endtime="20230524 01:52:38.586"/>
</kw>
<kw name="Run Keyword If" library="BuiltIn">
<arg>${elemento_encontrado}</arg>
<arg>Run Keyword And Return Status</arg>
<arg>Trabalha Tabela</arg>
<doc>Runs the given keyword with the given arguments, if ``condition`` is true.</doc>
<kw name="Run Keyword And Return Status" library="BuiltIn">
<arg>Trabalha Tabela</arg>
<doc>Runs the given keyword with given arguments and returns the status as a Boolean value.</doc>
<kw name="Trabalha Tabela">
<kw name="Wait Until Page Contains Element" library="RPA.Browser.Selenium">
<arg>xpath://table[@ng-table="tableParams"]</arg>
<doc>Waits until the element ``locator`` appears on the current page.</doc>
<status status="PASS" starttime="20230524 01:52:38.591" endtime="20230524 01:52:38.599"/>
</kw>
<kw name="Sleep" library="BuiltIn">
<arg>2</arg>
<doc>Pauses the test executed for the given time.</doc>
<msg timestamp="20230524 01:52:40.610" level="INFO">Slept 2 seconds</msg>
<status status="PASS" starttime="20230524 01:52:38.600" endtime="20230524 01:52:40.610"/>
</kw>
<kw name="Wait Until Page Contains Element" library="RPA.Browser.Selenium">
<arg>xpath://table[@ng-table="tableParams"]//tbody</arg>
<doc>Waits until the element ``locator`` appears on the current page.</doc>
<status status="PASS" starttime="20230524 01:52:40.611" endtime="20230524 01:52:40.618"/>
</kw>
<kw name="Get Text" library="RPA.Browser.Selenium">
<var>${data_corpo}</var>
<arg>xpath://table[@ng-table="tableParams"]//tbody</arg>
<doc>Returns the text value of the element identified by ``locator``.</doc>
<msg timestamp="20230524 01:52:40.640" level="INFO">${data_corpo} = </msg>
<status status="PASS" starttime="20230524 01:52:40.619" endtime="20230524 01:52:40.640"/>
</kw>
<kw name="Wait Until Page Contains Element" library="RPA.Browser.Selenium">
<arg>xpath://table[@ng-table="tableParams"]//thead</arg>
<doc>Waits until the element ``locator`` appears on the current page.</doc>
<status status="PASS" starttime="20230524 01:52:40.641" endtime="20230524 01:52:40.647"/>
</kw>
<kw name="Get Text" library="RPA.Browser.Selenium">
<var>${data_cabecalho}</var>
<arg>xpath://table[@ng-table="tableParams"]//thead</arg>
<doc>Returns the text value of the element identified by ``locator``.</doc>
<msg timestamp="20230524 01:52:40.661" level="INFO">${data_cabecalho} = </msg>
<status status="PASS" starttime="20230524 01:52:40.648" endtime="20230524 01:52:40.662"/>
</kw>
<kw name="Get Regexp Matches" library="String">
<var>${lista_cnes}</var>
<arg>${data_corpo}</arg>
<arg>\\d{4,}</arg>
<doc>Returns a list of all non-overlapping matches in the given string.</doc>
<msg timestamp="20230524 01:52:40.664" level="INFO">${lista_cnes} = []</msg>
<status status="PASS" starttime="20230524 01:52:40.662" endtime="20230524 01:52:40.664"/>
</kw>
<kw name="Get Length" library="BuiltIn">
<var>${quantidade}</var>
<arg>${lista_cnes}</arg>
<doc>Returns and logs the length of the given item as an integer.</doc>
<msg timestamp="20230524 01:52:40.665" level="INFO">Length is 0</msg>
<msg timestamp="20230524 01:52:40.666" level="INFO">${quantidade} = 0</msg>
<status status="PASS" starttime="20230524 01:52:40.665" endtime="20230524 01:52:40.666"/>
</kw>
<kw name="Convert To Integer" library="BuiltIn">
<var>${iterador}</var>
<arg>1</arg>
<doc>Converts the given item to an integer number.</doc>
<msg timestamp="20230524 01:52:40.668" level="INFO">${iterador} = 1</msg>
<status status="PASS" starttime="20230524 01:52:40.667" endtime="20230524 01:52:40.668"/>
</kw>
<kw name="Get WebElements" library="RPA.Browser.Selenium">
<var>@{elementos}</var>
<arg>xpath=//a[@title="Ficha estabelecimento"]</arg>
<doc>Returns a list of WebElement objects matching the ``locator``.</doc>
<msg timestamp="20230524 01:52:40.678" level="INFO">@{elementos} = [ &lt;selenium.webdriver.remote.webelement.WebElement (session="3ca6e32c09a71c7194bbdacbbd8d76a7", element="727AEFBF7EA9FFDE25F19712F17D3DB2_element_50")&gt; | &lt;selenium.webdriver.remote.webelement.WebEleme...</msg>
<status status="PASS" starttime="20230524 01:52:40.669" endtime="20230524 01:52:40.679"/>
</kw>
<for flavor="IN">
<var>${elemento}</var>
<value>@{elementos}</value>
<iter>
<var name="${elemento}">&lt;selenium.webdriver.remote.webelement.WebElement (session="3ca6e32c09a71c7194bbdacbbd8d76a7", element="727AEFBF7EA9FFDE25F19712F17D3DB2_element_50")&gt;</var>
<kw name="Remove Files" library="OperatingSystem">
<arg>${global_caminho_download_padrao}/fichaCompletaEstabelecimento*.pdf</arg>
<doc>Uses `Remove File` to remove multiple files one-by-one.</doc>
<msg timestamp="20230524 01:52:40.684" level="INFO" html="true">File '&lt;a href="file://C:\Users\victo\Downloads\fichaCompletaEstabelecimento*.pdf"&gt;C:\Users\victo\Downloads\fichaCompletaEstabelecimento*.pdf&lt;/a&gt;' does not exist.</msg>
<status status="PASS" starttime="20230524 01:52:40.681" endtime="20230524 01:52:40.685"/>
</kw>
<kw name="Get Element Attribute" library="RPA.Browser.Selenium">
<var>${href}</var>
<arg>${elemento}</arg>
<arg>href</arg>
<doc>Returns the value of ``attribute`` from the element ``locator``.</doc>
<msg timestamp="20230524 01:52:40.685" level="WARN">Keyword 'Get Element Attribute' found both from a custom library 'RPA.Browser.Selenium' and a standard library 'XML'. The custom keyword is used. To select explicitly, and to get rid of this warning, use either 'RPA.Browser.Selenium.Get Element Attribute' or 'XML.Get Element Attribute'.</msg>
<msg timestamp="20230524 01:52:40.700" level="INFO">${href} = https://cnes.datasus.gov.br/pages/estabelecimentos/ficha/index.jsp?coUnidade=2927407064284</msg>
<status status="PASS" starttime="20230524 01:52:40.685" endtime="20230524 01:52:40.700"/>
</kw>
<kw name="Open Available Browser" library="RPA.Browser.Selenium">
<var>${browser_name}</var>
<arg>${href}</arg>
<doc>Attempts to open a browser on the user's device from a set of
supported browsers. Automatically downloads a corresponding webdriver
if none is already installed.</doc>
<msg timestamp="20230524 01:52:40.705" level="INFO">Creating an instance of the Chrome WebDriver.</msg>
<msg timestamp="20230524 01:52:40.715" level="INFO">Applicable driver not found; attempting to install with Selenium Manager (Beta)</msg>
<msg timestamp="20230524 01:52:41.831" level="INFO">Created Chrome browser with arguments: --disable-dev-shm-usage --disable-web-security --allow-running-insecure-content --no-sandbox</msg>
<msg timestamp="20230524 01:52:41.831" level="INFO" html="true">&lt;p&gt;Attempted combinations:&lt;/p&gt;&lt;div class="doc"&gt;&lt;table&gt;&lt;tr&gt;&lt;th&gt;Browser&lt;/th&gt;&lt;th&gt;Download&lt;/th&gt;&lt;th&gt;Error&lt;/th&gt;&lt;/tr&gt;&lt;tr&gt;&lt;td&gt;Chrome&lt;/td&gt;&lt;td&gt;False&lt;/td&gt;&lt;td&gt;&lt;/td&gt;&lt;/tr&gt;&lt;/table&gt;&lt;/div&gt;</msg>
<msg timestamp="20230524 01:52:41.831" level="INFO">Opening url 'https://cnes.datasus.gov.br/pages/estabelecimentos/ficha/index.jsp?coUnidade=2927407064284'</msg>
<msg timestamp="20230524 01:52:45.380" level="INFO">${browser_name} = 3</msg>
<status status="PASS" starttime="20230524 01:52:40.701" endtime="20230524 01:52:45.381"/>
</kw>
<kw name="Maximize Browser Window" library="RPA.Browser.Selenium">
<doc>Maximizes current browser window.</doc>
<status status="PASS" starttime="20230524 01:52:45.381" endtime="20230524 01:52:45.493"/>
</kw>
<kw name="Sleep" library="BuiltIn">
<arg>1</arg>
<doc>Pauses the test executed for the given time.</doc>
<msg timestamp="20230524 01:52:46.508" level="INFO">Slept 1 second</msg>
<status status="PASS" starttime="20230524 01:52:45.494" endtime="20230524 01:52:46.508"/>
</kw>
<kw name="Wait Until Page Contains Element" library="RPA.Browser.Selenium">
<arg>xpath://a[@title="Imprimir ficha completa"]//span[@class="glyphicon glyphicon-print"]</arg>
<doc>Waits until the element ``locator`` appears on the current page.</doc>
<status status="PASS" starttime="20230524 01:52:46.509" endtime="20230524 01:52:46.520"/>
</kw>
<kw name="Click Element" library="RPA.Browser.Selenium">
<arg>xpath://a[@title="Imprimir ficha completa"]//span[@class="glyphicon glyphicon-print"]</arg>
<doc>Click the element identified by ``locator``.</doc>
<msg timestamp="20230524 01:52:46.521" level="INFO">Clicking element 'xpath://a[@title="Imprimir ficha completa"]//span[@class="glyphicon glyphicon-print"]'.</msg>
<status status="PASS" starttime="20230524 01:52:46.520" endtime="20230524 01:52:46.560"/>
</kw>
<kw name="Sleep" library="BuiltIn">
<arg>1</arg>
<doc>Pauses the test executed for the given time.</doc>
<msg timestamp="20230524 01:52:47.566" level="INFO">Slept 1 second</msg>
<status status="PASS" starttime="20230524 01:52:46.561" endtime="20230524 01:52:47.566"/>
</kw>
<kw name="Wait Until Page Contains Element" library="RPA.Browser.Selenium">
<arg>xpath://input[@ng-change="marcarTodos()" and @id="todos"]</arg>
<doc>Waits until the element ``locator`` appears on the current page.</doc>
<status status="PASS" starttime="20230524 01:52:47.567" endtime="20230524 01:52:47.577"/>
</kw>
<kw name="Click Element" library="RPA.Browser.Selenium">
<arg>xpath://input[@ng-change="marcarTodos()" and @id="todos"]</arg>
<doc>Click the element identified by ``locator``.</doc>
<msg timestamp="20230524 01:52:47.579" level="INFO">Clicking element 'xpath://input[@ng-change="marcarTodos()" and @id="todos"]'.</msg>
<status status="PASS" starttime="20230524 01:52:47.578" endtime="20230524 01:52:47.621"/>
</kw>
<kw name="Click Button" library="RPA.Browser.Selenium">
<arg>Imprimir</arg>
<doc>Clicks the button identified by ``locator``.</doc>
<msg timestamp="20230524 01:52:47.624" level="INFO">Clicking button 'Imprimir'.</msg>
<status status="PASS" starttime="20230524 01:52:47.623" endtime="20230524 01:52:47.673"/>
</kw>
<kw name="Sleep" library="BuiltIn">
<arg>5</arg>
<doc>Pauses the test executed for the given time.</doc>
<msg timestamp="20230524 01:52:52.676" level="INFO">Slept 5 seconds</msg>
<status status="PASS" starttime="20230524 01:52:47.674" endtime="20230524 01:52:52.676"/>
</kw>
<kw name="Close Browser" library="RPA.Browser.Selenium">
<doc>Closes the current browser.</doc>
<status status="PASS" starttime="20230524 01:52:52.677" endtime="20230524 01:52:54.795"/>
</kw>
<kw name="Move File" library="OperatingSystem">
<arg>${global_caminho_download_padrao}/fichaCompletaEstabelecimento.pdf</arg>
<arg>${global_caminho_download_destino}/${lista_cnes}[${iterador}]</arg>
<doc>Moves the source file into the destination.</doc>
<msg timestamp="20230524 01:52:54.798" level="FAIL">List '${lista_cnes}' has no item in index 1.</msg>
<status status="FAIL" starttime="20230524 01:52:54.796" endtime="20230524 01:52:54.798"/>
</kw>
<kw name="Switch Browser" library="RPA.Browser.Selenium">
<arg>BrowserPrincipal</arg>
<doc>Switches between active browsers using ``index_or_alias``.</doc>
<status status="NOT RUN" starttime="20230524 01:52:54.800" endtime="20230524 01:52:54.800"/>
</kw>
<kw name="Evaluate" library="BuiltIn">
<var>${iterador}</var>
<arg>${iterador} + 1</arg>
<doc>Evaluates the given expression in Python and returns the result.</doc>
<status status="NOT RUN" starttime="20230524 01:52:54.801" endtime="20230524 01:52:54.801"/>
</kw>
<kw name="Exit For Loop If" library="BuiltIn">
<arg>${iterador} &gt; ${global_quantidade_pdfs_downloads_por_pesquisa}</arg>
<doc>Stops executing the enclosing FOR loop if the ``condition`` is true.</doc>
<status status="NOT RUN" starttime="20230524 01:52:54.802" endtime="20230524 01:52:54.802"/>
</kw>
<status status="FAIL" starttime="20230524 01:52:40.680" endtime="20230524 01:52:54.803"/>
</iter>
<status status="FAIL" starttime="20230524 01:52:40.679" endtime="20230524 01:52:54.804"/>
</for>
<status status="FAIL" starttime="20230524 01:52:38.590" endtime="20230524 01:52:54.807"/>
</kw>
<status status="PASS" starttime="20230524 01:52:38.589" endtime="20230524 01:52:54.808"/>
</kw>
<status status="PASS" starttime="20230524 01:52:38.587" endtime="20230524 01:52:54.808"/>
</kw>
<status status="PASS" starttime="20230524 01:52:38.229" endtime="20230524 01:52:54.809"/>
</iter>
<iter>
<var name="${linha}">2</var>
<kw name="Get Table Cell" library="RPA.Tables">
<var>${uf}</var>
<arg>${tabela}</arg>
<arg>${linha}</arg>
<arg>UF</arg>
<doc>Get a cell value from a table.</doc>
<msg timestamp="20230524 01:52:54.812" level="INFO">${uf} = SP</msg>
<status status="PASS" starttime="20230524 01:52:54.810" endtime="20230524 01:52:54.812"/>
</kw>
<kw name="Get Table Cell" library="RPA.Tables">
<var>${municipio}</var>
<arg>${tabela}</arg>
<arg>${linha}</arg>
<arg>MUNICIPIO</arg>
<doc>Get a cell value from a table.</doc>
<msg timestamp="20230524 01:52:54.814" level="INFO">${municipio} = São Paulo</msg>
<status status="PASS" starttime="20230524 01:52:54.813" endtime="20230524 01:52:54.815"/>
</kw>
<kw name="Convert To Upper Case" library="String">
<var>${municipio_uppercase}</var>
<arg>${municipio}</arg>
<doc>Converts string to upper case.</doc>
<msg timestamp="20230524 01:52:54.816" level="INFO">${municipio_uppercase} = SÃO PAULO</msg>
<status status="PASS" starttime="20230524 01:52:54.815" endtime="20230524 01:52:54.817"/>
</kw>
<kw name="Run Keyword And Return Status" library="BuiltIn">
<var>${elemento_encontrado}</var>
<arg>Preenche Valores</arg>
<arg>${dicionario_estados["${uf}"]}</arg>
<arg>${municipio_uppercase}</arg>
<doc>Runs the given keyword with given arguments and returns the status as a Boolean value.</doc>
<kw name="Preenche Valores">
<arg>${dicionario_estados["${uf}"]}</arg>
<arg>${municipio_uppercase}</arg>
<kw name="Wait Until Element Is Visible" library="RPA.Browser.Selenium">
<arg>xpath=//select[@ng-model="Estado"]//option[text()='${uf}']</arg>
<doc>Waits until the element ``locator`` is visible.</doc>
<msg timestamp="20230524 01:52:54.823" level="INFO">Cannot capture screenshot because no browser is open.</msg>
<msg timestamp="20230524 01:52:54.824" level="FAIL">No browser is open.</msg>
<status status="FAIL" starttime="20230524 01:52:54.822" endtime="20230524 01:52:54.830"/>
</kw>
<kw name="Click Element" library="RPA.Browser.Selenium">
<arg>xpath=//select[@ng-model="Estado"]//option[text()='${uf}']</arg>
<doc>Click the element identified by ``locator``.</doc>
<status status="NOT RUN" starttime="20230524 01:52:54.831" endtime="20230524 01:52:54.832"/>
</kw>
<kw name="Wait Until Element Is Visible" library="RPA.Browser.Selenium">
<arg>xpath=//select[@ng-model="Municipio"]//option[text()='${municipio}']</arg>
<doc>Waits until the element ``locator`` is visible.</doc>
<status status="NOT RUN" starttime="20230524 01:52:54.832" endtime="20230524 01:52:54.833"/>
</kw>
<kw name="Click Element" library="RPA.Browser.Selenium">
<arg>xpath=//select[@ng-model="Municipio"]//option[text()='${municipio}']</arg>
<doc>Click the element identified by ``locator``.</doc>
<status status="NOT RUN" starttime="20230524 01:52:54.833" endtime="20230524 01:52:54.834"/>
</kw>
<kw name="Click Button" library="RPA.Browser.Selenium">
<arg>Pesquisar</arg>
<doc>Clicks the button identified by ``locator``.</doc>
<status status="NOT RUN" starttime="20230524 01:52:54.835" endtime="20230524 01:52:54.835"/>
</kw>
<status status="FAIL" starttime="20230524 01:52:54.818" endtime="20230524 01:52:54.837"/>
</kw>
<msg timestamp="20230524 01:52:54.838" level="INFO">${elemento_encontrado} = False</msg>
<status status="PASS" starttime="20230524 01:52:54.817" endtime="20230524 01:52:54.838"/>
</kw>
<kw name="Run Keyword If" library="BuiltIn">
<arg>${elemento_encontrado}</arg>
<arg>Run Keyword And Return Status</arg>
<arg>Trabalha Tabela</arg>
<doc>Runs the given keyword with the given arguments, if ``condition`` is true.</doc>
<status status="PASS" starttime="20230524 01:52:54.839" endtime="20230524 01:52:54.840"/>
</kw>
<status status="PASS" starttime="20230524 01:52:54.809" endtime="20230524 01:52:54.840"/>
</iter>
<iter>
<var name="${linha}">3</var>
<kw name="Get Table Cell" library="RPA.Tables">
<var>${uf}</var>
<arg>${tabela}</arg>
<arg>${linha}</arg>
<arg>UF</arg>
<doc>Get a cell value from a table.</doc>
<msg timestamp="20230524 01:52:54.843" level="INFO">${uf} = MG</msg>
<status status="PASS" starttime="20230524 01:52:54.842" endtime="20230524 01:52:54.844"/>
</kw>
<kw name="Get Table Cell" library="RPA.Tables">
<var>${municipio}</var>
<arg>${tabela}</arg>
<arg>${linha}</arg>
<arg>MUNICIPIO</arg>
<doc>Get a cell value from a table.</doc>
<msg timestamp="20230524 01:52:54.846" level="INFO">${municipio} = Belo Horizonte</msg>
<status status="PASS" starttime="20230524 01:52:54.844" endtime="20230524 01:52:54.846"/>
</kw>
<kw name="Convert To Upper Case" library="String">
<var>${municipio_uppercase}</var>
<arg>${municipio}</arg>
<doc>Converts string to upper case.</doc>
<msg timestamp="20230524 01:52:54.848" level="INFO">${municipio_uppercase} = BELO HORIZONTE</msg>
<status status="PASS" starttime="20230524 01:52:54.847" endtime="20230524 01:52:54.849"/>
</kw>
<kw name="Run Keyword And Return Status" library="BuiltIn">
<var>${elemento_encontrado}</var>
<arg>Preenche Valores</arg>
<arg>${dicionario_estados["${uf}"]}</arg>
<arg>${municipio_uppercase}</arg>
<doc>Runs the given keyword with given arguments and returns the status as a Boolean value.</doc>
<kw name="Preenche Valores">
<arg>${dicionario_estados["${uf}"]}</arg>
<arg>${municipio_uppercase}</arg>
<kw name="Wait Until Element Is Visible" library="RPA.Browser.Selenium">
<arg>xpath=//select[@ng-model="Estado"]//option[text()='${uf}']</arg>
<doc>Waits until the element ``locator`` is visible.</doc>
<msg timestamp="20230524 01:52:54.854" level="INFO">Cannot capture screenshot because no browser is open.</msg>
<msg timestamp="20230524 01:52:54.855" level="FAIL">No browser is open.</msg>
<status status="FAIL" starttime="20230524 01:52:54.853" endtime="20230524 01:52:54.856"/>
</kw>
<kw name="Click Element" library="RPA.Browser.Selenium">
<arg>xpath=//select[@ng-model="Estado"]//option[text()='${uf}']</arg>
<doc>Click the element identified by ``locator``.</doc>
<status status="NOT RUN" starttime="20230524 01:52:54.858" endtime="20230524 01:52:54.858"/>
</kw>
<kw name="Wait Until Element Is Visible" library="RPA.Browser.Selenium">
<arg>xpath=//select[@ng-model="Municipio"]//option[text()='${municipio}']</arg>
<doc>Waits until the element ``locator`` is visible.</doc>
<status status="NOT RUN" starttime="20230524 01:52:54.859" endtime="20230524 01:52:54.859"/>
</kw>
<kw name="Click Element" library="RPA.Browser.Selenium">
<arg>xpath=//select[@ng-model="Municipio"]//option[text()='${municipio}']</arg>
<doc>Click the element identified by ``locator``.</doc>
<status status="NOT RUN" starttime="20230524 01:52:54.860" endtime="20230524 01:52:54.860"/>
</kw>
<kw name="Click Button" library="RPA.Browser.Selenium">
<arg>Pesquisar</arg>
<doc>Clicks the button identified by ``locator``.</doc>
<status status="NOT RUN" starttime="20230524 01:52:54.861" endtime="20230524 01:52:54.862"/>
</kw>
<status status="FAIL" starttime="20230524 01:52:54.849" endtime="20230524 01:52:54.864"/>
</kw>
<msg timestamp="20230524 01:52:54.864" level="INFO">${elemento_encontrado} = False</msg>
<status status="PASS" starttime="20230524 01:52:54.849" endtime="20230524 01:52:54.864"/>
</kw>
<kw name="Run Keyword If" library="BuiltIn">
<arg>${elemento_encontrado}</arg>
<arg>Run Keyword And Return Status</arg>
<arg>Trabalha Tabela</arg>
<doc>Runs the given keyword with the given arguments, if ``condition`` is true.</doc>
<status status="PASS" starttime="20230524 01:52:54.865" endtime="20230524 01:52:54.866"/>
</kw>
<status status="PASS" starttime="20230524 01:52:54.841" endtime="20230524 01:52:54.867"/>
</iter>
<iter>
<var name="${linha}">4</var>
<kw name="Get Table Cell" library="RPA.Tables">
<var>${uf}</var>
<arg>${tabela}</arg>
<arg>${linha}</arg>
<arg>UF</arg>
<doc>Get a cell value from a table.</doc>
<msg timestamp="20230524 01:52:54.869" level="INFO">${uf} = PR</msg>
<status status="PASS" starttime="20230524 01:52:54.868" endtime="20230524 01:52:54.870"/>
</kw>
<kw name="Get Table Cell" library="RPA.Tables">
<var>${municipio}</var>
<arg>${tabela}</arg>
<arg>${linha}</arg>
<arg>MUNICIPIO</arg>
<doc>Get a cell value from a table.</doc>
<msg timestamp="20230524 01:52:54.872" level="INFO">${municipio} = Curitiba</msg>
<status status="PASS" starttime="20230524 01:52:54.870" endtime="20230524 01:52:54.872"/>
</kw>
<kw name="Convert To Upper Case" library="String">
<var>${municipio_uppercase}</var>
<arg>${municipio}</arg>
<doc>Converts string to upper case.</doc>
<msg timestamp="20230524 01:52:54.874" level="INFO">${municipio_uppercase} = CURITIBA</msg>
<status status="PASS" starttime="20230524 01:52:54.873" endtime="20230524 01:52:54.875"/>
</kw>
<kw name="Run Keyword And Return Status" library="BuiltIn">
<var>${elemento_encontrado}</var>
<arg>Preenche Valores</arg>
<arg>${dicionario_estados["${uf}"]}</arg>
<arg>${municipio_uppercase}</arg>
<doc>Runs the given keyword with given arguments and returns the status as a Boolean value.</doc>
<kw name="Preenche Valores">
<arg>${dicionario_estados["${uf}"]}</arg>
<arg>${municipio_uppercase}</arg>
<kw name="Wait Until Element Is Visible" library="RPA.Browser.Selenium">
<arg>xpath=//select[@ng-model="Estado"]//option[text()='${uf}']</arg>
<doc>Waits until the element ``locator`` is visible.</doc>
<msg timestamp="20230524 01:52:54.881" level="INFO">Cannot capture screenshot because no browser is open.</msg>
<msg timestamp="20230524 01:52:54.882" level="FAIL">No browser is open.</msg>
<status status="FAIL" starttime="20230524 01:52:54.880" endtime="20230524 01:52:54.883"/>
</kw>
<kw name="Click Element" library="RPA.Browser.Selenium">
<arg>xpath=//select[@ng-model="Estado"]//option[text()='${uf}']</arg>
<doc>Click the element identified by ``locator``.</doc>
<status status="NOT RUN" starttime="20230524 01:52:54.885" endtime="20230524 01:52:54.885"/>
</kw>
<kw name="Wait Until Element Is Visible" library="RPA.Browser.Selenium">
<arg>xpath=//select[@ng-model="Municipio"]//option[text()='${municipio}']</arg>
<doc>Waits until the element ``locator`` is visible.</doc>
<status status="NOT RUN" starttime="20230524 01:52:54.886" endtime="20230524 01:52:54.886"/>
</kw>
<kw name="Click Element" library="RPA.Browser.Selenium">
<arg>xpath=//select[@ng-model="Municipio"]//option[text()='${municipio}']</arg>
<doc>Click the element identified by ``locator``.</doc>
<status status="NOT RUN" starttime="20230524 01:52:54.887" endtime="20230524 01:52:54.887"/>
</kw>
<kw name="Click Button" library="RPA.Browser.Selenium">
<arg>Pesquisar</arg>
<doc>Clicks the button identified by ``locator``.</doc>
<status status="NOT RUN" starttime="20230524 01:52:54.888" endtime="20230524 01:52:54.888"/>
</kw>
<status status="FAIL" starttime="20230524 01:52:54.876" endtime="20230524 01:52:54.891"/>
</kw>
<msg timestamp="20230524 01:52:54.891" level="INFO">${elemento_encontrado} = False</msg>
<status status="PASS" starttime="20230524 01:52:54.875" endtime="20230524 01:52:54.892"/>
</kw>
<kw name="Run Keyword If" library="BuiltIn">
<arg>${elemento_encontrado}</arg>
<arg>Run Keyword And Return Status</arg>
<arg>Trabalha Tabela</arg>
<doc>Runs the given keyword with the given arguments, if ``condition`` is true.</doc>
<status status="PASS" starttime="20230524 01:52:54.892" endtime="20230524 01:52:54.893"/>
</kw>
<status status="PASS" starttime="20230524 01:52:54.867" endtime="20230524 01:52:54.894"/>
</iter>
<status status="PASS" starttime="20230524 01:52:23.763" endtime="20230524 01:52:54.894"/>
</for>
<status status="PASS" starttime="20230524 01:52:23.729" endtime="20230524 01:52:54.895"/>
</kw>
<status status="PASS" starttime="20230524 01:52:21.527" endtime="20230524 01:52:54.896"/>
</test>
<doc>Template robot main suite.</doc>
<status status="PASS" starttime="20230524 01:52:19.891" endtime="20230524 01:52:54.900"/>
</suite>
<statistics>
<total>
<stat pass="1" fail="0" skip="0">All Tasks</stat>
</total>
<tag>
</tag>
<suite>
<stat pass="1" fail="0" skip="0" id="s1" name="Tasks">Tasks</stat>
</suite>
</statistics>
<errors>
<msg timestamp="20230524 01:52:26.342" level="WARN">Keyword 'Get Element Attribute' found both from a custom library 'RPA.Browser.Selenium' and a standard library 'XML'. The custom keyword is used. To select explicitly, and to get rid of this warning, use either 'RPA.Browser.Selenium.Get Element Attribute' or 'XML.Get Element Attribute'.</msg>
<msg timestamp="20230524 01:52:40.685" level="WARN">Keyword 'Get Element Attribute' found both from a custom library 'RPA.Browser.Selenium' and a standard library 'XML'. The custom keyword is used. To select explicitly, and to get rid of this warning, use either 'RPA.Browser.Selenium.Get Element Attribute' or 'XML.Get Element Attribute'.</msg>
</errors>
</robot>
